2025-03-03 00:03:09,002 - INFO - 
Versions des bibliothèques :
2025-03-03 00:03:09,002 - INFO - scikit-learn : 1.6.1
2025-03-03 00:03:09,010 - INFO - numpy : 2.0.2
2025-03-03 00:03:09,011 - INFO - pandas : 2.2.3
2025-03-03 00:03:09,015 - INFO - matplotlib : 3.10.0
2025-03-03 00:03:09,018 - INFO - seaborn : 0.13.2
2025-03-03 00:03:09,018 - INFO - 
Chargement des données...
2025-03-03 00:03:24,633 - INFO - 
Exécution du pipeline de classification...
2025-03-03 00:03:24,635 - INFO - 
Préparation de la classification...
2025-03-03 00:03:25,599 - INFO - 
Génération des visualisations de relations entre variables...
2025-03-03 00:03:26,158 - INFO - Using categorical units to plot a list of strings that are all parsable as floats or dates. If these strings should be plotted as numbers, cast to the appropriate data type before plotting.
2025-03-03 00:03:26,606 - INFO - Using categorical units to plot a list of strings that are all parsable as floats or dates. If these strings should be plotted as numbers, cast to the appropriate data type before plotting.
2025-03-03 00:03:27,893 - INFO - Using categorical units to plot a list of strings that are all parsable as floats or dates. If these strings should be plotted as numbers, cast to the appropriate data type before plotting.
2025-03-03 00:03:28,418 - INFO - Using categorical units to plot a list of strings that are all parsable as floats or dates. If these strings should be plotted as numbers, cast to the appropriate data type before plotting.
2025-03-03 00:03:29,510 - INFO - Using categorical units to plot a list of strings that are all parsable as floats or dates. If these strings should be plotted as numbers, cast to the appropriate data type before plotting.
2025-03-03 00:03:29,912 - INFO - Using categorical units to plot a list of strings that are all parsable as floats or dates. If these strings should be plotted as numbers, cast to the appropriate data type before plotting.
2025-03-03 00:08:13,720 - INFO - 
Entraînement du modèle de régression logistique (sans densité)...
2025-03-03 00:08:13,720 - INFO - 
Début de la recherche par grille avec validation croisée (régression logistique)...
2025-03-03 00:08:13,726 - INFO - Nombre total de combinaisons : 48
2025-03-03 00:09:29,498 - INFO - 
Meilleurs paramètres trouvés (régression logistique):
2025-03-03 00:09:29,500 - INFO - {'C': 0.01, 'class_weight': None, 'max_iter': 5000, 'n_jobs': 1, 'solver': 'saga', 'tol': 1e-05}
2025-03-03 00:09:29,500 - INFO - 
Meilleurs scores de validation croisée:
2025-03-03 00:09:29,506 - INFO - Accuracy: 0.9106
2025-03-03 00:09:29,508 - INFO - ROC AUC: 0.9702
2025-03-03 00:09:29,508 - INFO - F1 Score: 0.9106
2025-03-03 00:09:29,508 - INFO - 
Nombre d'itérations utilisées par le meilleur modèle : [17]
2025-03-03 00:09:29,508 - INFO - 
Analyse des courbes d'apprentissage (régression logistique sans densité)...
2025-03-03 00:09:52,458 - INFO - 
Évaluation du modèle de régression logistique (sans densité)...
2025-03-03 00:09:54,242 - INFO - 
Analyse de l'impact du seuil de probabilité (sans densité)...
2025-03-03 00:09:54,668 - INFO - 
Entraînement du modèle de régression logistique (avec densité)...
2025-03-03 00:09:54,676 - INFO - 
Début de la recherche par grille avec validation croisée (régression logistique)...
2025-03-03 00:09:54,678 - INFO - Nombre total de combinaisons : 48
2025-03-03 00:34:02,460 - INFO - 
Meilleurs paramètres trouvés (régression logistique):
2025-03-03 00:34:02,460 - INFO - {'C': 100, 'class_weight': None, 'max_iter': 5000, 'n_jobs': 1, 'solver': 'saga', 'tol': 0.0001}
2025-03-03 00:34:02,460 - INFO - 
Meilleurs scores de validation croisée:
2025-03-03 00:34:02,475 - INFO - Accuracy: 0.9999
2025-03-03 00:34:02,475 - INFO - ROC AUC: 1.0000
2025-03-03 00:34:02,476 - INFO - F1 Score: 0.9999
2025-03-03 00:34:02,476 - INFO - 
Nombre d'itérations utilisées par le meilleur modèle : [866]
2025-03-03 00:34:02,478 - INFO - 
Analyse des courbes d'apprentissage (régression logistique avec densité)...
2025-03-03 00:58:50,192 - INFO - 
Évaluation du modèle de régression logistique (avec densité)...
2025-03-03 00:58:51,100 - INFO - 
Analyse de l'impact du seuil de probabilité (avec densité)...
2025-03-03 00:58:51,295 - INFO - 
Seuil de température utilisé : 10.41°C
2025-03-03 00:58:51,295 - INFO - Distribution des classes : {0: 0.500464824524721, 1: 0.49953517547527904}
2025-03-03 00:58:51,295 - INFO - Taille de l'ensemble d'entraînement : 497392 observations
2025-03-03 00:58:51,295 - INFO - Taille de l'ensemble de test : 124348 observations
2025-03-03 00:58:51,295 - INFO - 
Exécution du pipeline de régression...
2025-03-03 00:58:51,295 - INFO - 
Préparation de la régression...
2025-03-03 00:58:51,390 - INFO - 
Entraînement du modèle de régression linéaire...
2025-03-03 00:58:51,459 - INFO - Performance du modèle de régression linéaire:
2025-03-03 00:58:51,461 - INFO - R² Score: 0.7624
2025-03-03 00:58:51,461 - INFO - RMSE: 1.8778°C
2025-03-03 00:58:59,671 - INFO - 
Entraînement du modèle de régression polynomiale (degré 4)...
2025-03-03 00:59:00,565 - INFO - Performance du modèle de régression polynomiale:
2025-03-03 00:59:00,571 - INFO - R² Score: 0.8740
2025-03-03 00:59:00,571 - INFO - RMSE: 1.3676°C
2025-03-03 00:59:09,142 - INFO - 
Comparaison des modèles de régression...
2025-03-03 00:59:09,367 - INFO - 
Résultats de la régression :
2025-03-03 00:59:09,367 - INFO - 
Modèle: linear
2025-03-03 00:59:09,367 - INFO - R² Score : 0.7624
2025-03-03 00:59:09,382 - INFO - RMSE : 1.8778°C
2025-03-03 00:59:09,382 - INFO - 
Modèle: polynomial
2025-03-03 00:59:09,382 - INFO - R² Score : 0.8740
2025-03-03 00:59:09,383 - INFO - RMSE : 1.3676°C
2025-03-03 00:59:09,383 - INFO - 
Meilleur modèle de régression: polynomial
2025-03-03 00:59:09,385 - INFO - 
Résultats de la classification :
2025-03-03 00:59:09,385 - INFO - 
Modèle: Sans densité
2025-03-03 00:59:09,385 - INFO - Accuracy : 0.9097
2025-03-03 00:59:09,385 - INFO - Precision : 0.9090
2025-03-03 00:59:09,385 - INFO - Recall : 0.9104
2025-03-03 00:59:09,385 - INFO - F1 Score : 0.9097
2025-03-03 00:59:09,390 - INFO - AUC-ROC : 0.9695
2025-03-03 00:59:09,390 - INFO - 
Modèle: Avec densité
2025-03-03 00:59:09,390 - INFO - Accuracy : 0.9999
2025-03-03 00:59:09,390 - INFO - Precision : 1.0000
2025-03-03 00:59:09,392 - INFO - Recall : 0.9999
2025-03-03 00:59:09,392 - INFO - F1 Score : 0.9999
2025-03-03 00:59:09,392 - INFO - AUC-ROC : 1.0000
2025-03-03 00:59:09,392 - INFO - 
Résultats de la régression :
2025-03-03 00:59:09,392 - INFO - 
Modèle: Linéaire
2025-03-03 00:59:09,394 - INFO - R² Score : 0.7624
2025-03-03 00:59:09,394 - INFO - RMSE : 1.8778°C
2025-03-03 00:59:09,394 - INFO - 
Modèle: Polynomial
2025-03-03 00:59:09,394 - INFO - R² Score : 0.8740
2025-03-03 00:59:09,394 - INFO - RMSE : 1.3676°C
2025-03-03 00:59:09,396 - INFO - 
Meilleur modèle de régression: polynomial
2025-03-03 00:59:09,396 - INFO - 
Les résultats détaillés sont disponibles dans : ..\Output
